2019/02/25 周一 20:36:12.41 start push to github 
[master f9c721c] update 2019/02/25 ㄤ 20:36:12.52
 2 files changed, 2 insertions(+), 47 deletions(-)
 create mode 100644 .gitignore
 rewrite github.log (100%)
2019/02/25 周一 20:36:20.21 push to github complete 
20190225 21:18:12.44 start push to github 
[master 475c364] update 2019/02/25 ㄤ 21:18:16.15
 88 files changed, 19151 insertions(+), 18709 deletions(-)
20190225 21:18:26.86 push to github complete 
20190225 22:32:54.51 start push to github 
[master 98b8ff4] update 20190225 22:32:59.86
 123 files changed, 26519 insertions(+), 26155 deletions(-)
20190225 22:33:10.24 push to github complete 
 
20190225 23:18:43.25 start push to github 
[master df50394] update 20190225 23:18:43.43
 2 files changed, 68 insertions(+), 44 deletions(-)
20190225 23:18:55.96 push to github complete 
 
20190225 23:19:42.84 start push to github 
[master d073ba7] update 20190225 23:19:43.00
 1 file changed, 5 insertions(+)
20190225 23:19:54.27 push to github complete 
 
20190226 15:00:47.33 start push to github 
[master 4654cee] update 20190226 15:00:48.24
 2 files changed, 46 insertions(+), 41 deletions(-)
20190226 15:00:56.87 push to github complete 
 
20190226 23:45:44.29 start push to github 
[master dfe0478] update 20190226 23:45:51.66
 121 files changed, 28095 insertions(+), 27002 deletions(-)
20190226 23:46:02.88 push to github complete 
 
20190227 23:25:36.44 start push to github 
[master 3b19f38] update 20190227 23:25:37.09
 1 file changed, 5 insertions(+)
20190227 23:25:48.49 push to github complete 
 
20190227 23:46:34.66 start push to github 
